[2024-06-20T19:35:48.137Z] [INFO] API Gateway escutando na porta 5000!
[2024-06-20T19:35:55.583Z] [INFO] Capitalization service escutando na porta 5001!
[2024-06-20T19:36:02.377Z] [INFO] Capitalization service escutando na porta 5003!
[2024-06-20T19:36:28.400Z] [INFO] Capitalization service escutando na porta 5002!
[2024-06-20T19:36:51.179Z] [HTTP] GET /capitalization?str_in=ana - 200
[2024-06-20T19:40:24.303Z] [INFO] Capitalization service escutando na porta 5002!
[2024-06-20T19:42:24.879Z] [INFO] Capitalization service escutando na porta 5003!
[2024-06-20T19:43:18.018Z] [INFO] Capitalization service escutando na porta 5003!
[2024-06-20T19:59:19.909Z] [INFO] Capitalization service escutando na porta 5003!
[2024-06-20T19:59:30.254Z] [INFO] Dados inseridos com sucesso no banco mongodb:dúvida,preciso de ajuda, ana, 376585254667
[2024-06-20T20:01:06.943Z] [INFO] Dados inseridos com sucesso no banco postgres:problema,hha, afgda, adfgadg
[2024-06-20T20:02:02.161Z] [INFO] Capitalization service escutando na porta 5003!
[2024-06-20T20:02:48.085Z] [HTTP] GET /capitalization?str_in=ana - 200
[2024-06-20T20:06:32.762Z] [INFO] Capitalization service escutando na porta 5003!
[2024-06-20T20:08:02.937Z] [ERROR] Erro ao buscar chamados nos bancos de dados: Error: Method not implemented.
[2024-06-20T20:08:10.296Z] [INFO] Dados inseridos com sucesso no banco postgres:dúvida,hha, afgda, adfgadg
[2024-06-20T20:08:17.145Z] [ERROR] Erro ao buscar chamados nos bancos de dados: Error: Method not implemented.
[2024-06-20T20:12:51.129Z] [INFO] Capitalization service escutando na porta 5003!
[2024-06-20T20:17:09.984Z] [INFO] Dados inseridos com sucesso no banco postgres:dúvida,hha, afgda, adfgadg
[2024-06-20T20:21:43.259Z] [INFO] Dados inseridos com sucesso no banco postgres:dúvida,hha, afgda, adfgadg
[2024-06-20T20:24:17.053Z] [INFO] Servidor iniciado na porta 5003
[2024-06-20T20:24:24.131Z] [INFO] Dados inseridos com sucesso no banco postgres:dúvida,hha, afgda, adfgadg
[2024-06-20T20:29:11.017Z] [HTTP] GET /capitalization?str_in=ana - 200
[2024-06-20T20:29:16.388Z] [HTTP] GET /capitalization?str_in=ana - 200
[2024-06-20T20:33:46.143Z] [INFO] Servidor iniciado na porta 5003
[2024-06-20T20:37:31.842Z] [INFO] Servidor iniciado na porta 5003
[2024-06-20T20:39:42.848Z] [INFO] Servidor iniciado na porta 5003
[2024-06-20T20:40:35.799Z] [INFO] Servidor iniciado na porta 5003
[2024-06-20T21:48:13.266Z] [INFO] API Gateway escutando na porta 5000!
[2024-06-20T21:50:45.941Z] [INFO] Servidor iniciado na porta 5003
[2024-06-20T21:51:04.176Z] [INFO] Capitalization service escutando na porta 5002!
[2024-06-20T21:51:34.248Z] [INFO] Capitalization service escutando na porta 5001!
[2024-06-20T21:52:51.370Z] [INFO] Capitalization service escutando na porta 5001!
[2024-06-20T21:53:11.391Z] [INFO] Capitalization service escutando na porta 5001!
[2024-06-20T21:53:36.689Z] [INFO] Dados inseridos com sucesso no banco mongodb:problema,jhfksjlsz, ana, 42654656
[2024-06-20T21:53:50.207Z] [INFO] Dados inseridos com sucesso no banco postgres:problema,jhfksjlsz, ana, 42654656
[2024-06-20T21:55:03.744Z] [INFO] Dados inseridos com sucesso no banco postgres:dúvida,jhfksjlsz, adfhgh, 42654656
[2024-06-20T21:55:13.039Z] [ERROR] Erro ao persistir dados: SqlError: (conn:4, no: 1054, SQLState: 42S22) Unknown column 'natureza' in 'field list'
sql: INSERT INTO users (natureza,descricao,nome, cpf) VALUES (?, ?, ?, ?) - parameters:['dúvida','jhfksjlsz','adfhgh','42654656']
[2024-06-20T21:55:47.088Z] [INFO] Dados inseridos com sucesso no banco mariadb:dúvida,jhfksjlsz, adfhgh, 42654656
[2024-06-20T22:08:16.471Z] [INFO] Servidor iniciado na porta 5003
[2024-06-20T22:12:32.934Z] [INFO] Dados inseridos com sucesso no banco mariadb:dúvida,sdgvhb, dfswaef, 342342
[2024-06-20T22:13:37.461Z] [INFO] Dados inseridos com sucesso no banco mongodb:dúvida,sdgvhb, ana, 342342
[2024-06-20T22:18:15.851Z] [INFO] Dados inseridos com sucesso no banco postgres:dúvida,como faz esse trabalho? Não entendi!!, Marcelly, 00000
[2024-06-20T22:20:19.669Z] [INFO] Dados inseridos com sucesso no banco postgres:dúvida,como faz esse trabalho? Não entendi!!, Marcelly, 00000
[2024-06-20T22:20:42.547Z] [INFO] Capitalization service escutando na porta 5002!
[2024-06-20T22:20:57.298Z] [INFO] Dados inseridos com sucesso no banco postgres:dúvida,como faz esse trabalho? Não entendi!!, Marcelly, 00000
[2024-06-20T22:24:05.906Z] [INFO] Dados inseridos com sucesso no banco postgres:dúvida,como faz esse trabalho? Não entendi!!, Marcelly, 00000
[2024-06-20T22:34:23.033Z] [INFO] Servidor iniciado na porta 5003
[2024-06-20T22:36:57.469Z] [INFO] Dados inseridos com sucesso no banco postgres:dúvida,como faz esse trabalho? Não entendi!!, Marcelly, 00000
[2024-06-20T22:37:03.800Z] [INFO] Dados inseridos com sucesso no banco mariadb:dúvida,como faz esse trabalho? Não entendi!!, Marcelly, 00000
[2024-06-20T22:39:37.517Z] [INFO] Servidor iniciado na porta 5003
[2024-06-20T22:39:52.588Z] [INFO] Capitalization service escutando na porta 5002!
[2024-06-20T22:41:34.360Z] [INFO] Dados inseridos com sucesso no banco mariadb:problema,Estou com dores nas costas, ana, 1774633315
[2024-06-20T22:45:53.143Z] [ERROR] Campos obrigatórios faltando na requisição de persistência
